<?xml version="1.0" encoding="UTF-8"?>
<!-- Generated by org.testng.reporters.JUnitReportReporter -->
<testsuite hostname="suraj" failures="0" tests="2" name="com.mystore.testcases.IndexPageTest" time="14.906" errors="0" timestamp="2025-07-11T23:56:12 IST" skipped="0">
  <testcase classname="com.mystore.testcases.IndexPageTest" name="verifyTitle" time="13.378"/>
  <system-out/>
  <testcase classname="com.mystore.testcases.IndexPageTest" name="login" time="1.528"/>
  <system-out/>
</testsuite> <!-- com.mystore.testcases.IndexPageTest -->
