<?xml version="1.0" encoding="UTF-8"?>
<!-- Generated by org.testng.reporters.JUnitReportReporter -->
<testsuite hostname="suraj" failures="0" tests="1" name="com.mystore.testcases.CheckOutstepOneTest" time="39.175" errors="0" timestamp="2025-07-12T15:57:30 IST" skipped="0">
  <testcase classname="com.mystore.testcases.CheckOutstepOneTest" name="addcheckoutprocessinfo" time="39.175"/>
  <system-out/>
</testsuite> <!-- com.mystore.testcases.CheckOutstepOneTest -->
