<?xml version="1.0" encoding="UTF-8"?>
<!-- Generated by org.testng.reporters.JUnitReportReporter -->
<testsuite hostname="suraj" failures="0" tests="2" name="com.mystore.testcases.CheckOutstepTwoTest" time="35.398" errors="0" timestamp="2025-07-12T16:11:53 IST" skipped="0">
  <testcase classname="com.mystore.testcases.CheckOutstepTwoTest" name="finishcheckoutsteplast" time="31.674"/>
  <system-out/>
  <testcase classname="com.mystore.testcases.CheckOutstepTwoTest" name="finishChkOutStep" time="3.724"/>
  <system-out/>
</testsuite> <!-- com.mystore.testcases.CheckOutstepTwoTest -->
