<?xml version="1.0" encoding="UTF-8"?>
<!-- Generated by org.testng.reporters.JUnitReportReporter -->
<testsuite hostname="suraj" failures="0" tests="2" name="com.mystore.testcases.HomePageTest" time="31.409" errors="0" timestamp="2025-07-12T13:53:50 IST" skipped="0">
  <testcase classname="com.mystore.testcases.HomePageTest" name="addCart" time="2.451"/>
  <system-out/>
  <testcase classname="com.mystore.testcases.HomePageTest" name="checkOut" time="28.958"/>
  <system-out/>
</testsuite> <!-- com.mystore.testcases.HomePageTest -->
