<?xml version="1.0" encoding="UTF-8"?>
<!-- Generated by org.testng.reporters.JUnitReportReporter -->
<testsuite hostname="suraj" failures="0" tests="2" name="com.mystore.testcases.CheckOutProcessFirstTest" time="23.701" errors="0" timestamp="2025-07-12T14:15:35 IST" skipped="0">
  <testcase classname="com.mystore.testcases.CheckOutProcessFirstTest" name="checkoutprocess" time="23.442"/>
  <system-out/>
  <testcase classname="com.mystore.testcases.CheckOutProcessFirstTest" name="checkoutprocessStart" time="0.259"/>
  <system-out/>
</testsuite> <!-- com.mystore.testcases.CheckOutProcessFirstTest -->
